Applying patch improve-fd18401.patch...
patching file autotests/tabbox/test_tabbox_config.cpp
patching file src/kcmkwin/kwintabbox/kwintabboxconfigform.cpp
patching file src/kcmkwin/kwintabbox/kwintabboxconfigform.h
patching file src/kcmkwin/kwintabbox/kwintabboxsettings.kcfg
patching file src/kcmkwin/kwintabbox/main.cpp
patching file src/kcmkwin/kwintabbox/main.ui
patching file src/tabbox/clientmodel.cpp
Hunk #1 succeeded at 223 (offset -12 lines).
patching file src/tabbox/tabbox.cpp
patching file src/tabbox/tabboxconfig.cpp
patching file src/tabbox/tabboxconfig.h
Applying patch kdebug-456089.patch...
patching file src/backends/drm/drm_buffer.cpp
patching file src/backends/drm/drm_lease_egl_gbm_layer.cpp
patching file src/backends/drm/drm_qpainter_layer.cpp
patching file src/backends/drm/egl_gbm_layer_surface.cpp
Applying patch kdebug-455477.patch...
patching file src/backends/drm/drm_object_connector.cpp
patching file src/backends/drm/drm_object_connector.h
Applying patch kdebug-456144.patch...
patching file src/effects/desktopgrid/qml/DesktopView.qml
Applying patch kdebug-456133.patch...
patching file src/libkwineffects/kwinoffscreenquickview.cpp
Applying patch kdebug-431259.patch...
patching file src/kcmkwin/kwincompositing/main.cpp
Applying patch 0001-wayland-Introduce-IdleDetector.patch...
patching file autotests/integration/idle_inhibition_test.cpp
patching file src/CMakeLists.txt
patching file src/idle_inhibition.cpp
patching file src/idle_inhibition.h
patching file src/idledetector.cpp
patching file src/idledetector.h
patching file src/input.cpp
patching file src/input.h
patching file src/plugins/idletime/poller.cpp
patching file src/plugins/idletime/poller.h
patching file src/wayland/autotests/client/CMakeLists.txt
patching file src/wayland/autotests/client/test_idle.cpp
patching file src/wayland/idle_interface.cpp
patching file src/wayland/idle_interface.h
patching file src/wayland/idle_interface_p.h
patching file src/wayland_server.cpp
patching file src/wayland_server.h
